<?xml version="1.0" encoding="UTF-8"?>
<!-- Generated by org.testng.reporters.JUnitReportReporter -->
<testsuite name="test.NewTestNGprogram" tests="2" failures="0" timestamp="5 Aug 2015 04:28:57 GMT" time="143.204" errors="0">
  <testcase name="loginTest" time="74.920" classname="test.NewTestNGprogram"/>
  <testcase name="homescreenTest" time="68.284" classname="test.NewTestNGprogram"/>
</testsuite> <!-- test.NewTestNGprogram -->
