<?xml version="1.0" encoding="UTF-8"?>
<!-- Generated by org.testng.reporters.JUnitReportReporter -->
<testsuite name="com.ios.automation.iOSAutomation" tests="1" failures="0" timestamp="23 Jul 2015 12:07:05 GMT" time="97.022" errors="0">
  <testcase name="test" time="97.022" classname="com.ios.automation.iOSAutomation"/>
</testsuite> <!-- com.ios.automation.iOSAutomation -->
