<?xml version="1.0" encoding="UTF-8"?>
<!-- Generated by org.testng.reporters.JUnitReportReporter -->
<testsuite name="test.iOSAutomation" tests="1" failures="0" timestamp="4 Aug 2015 11:28:44 GMT" time="175.163" errors="0">
  <testcase name="test" time="175.163" classname="test.iOSAutomation"/>
</testsuite> <!-- test.iOSAutomation -->
