<?xml version="1.0" encoding="UTF-8"?>
<!-- Generated by org.testng.reporters.JUnitReportReporter -->
<testsuite name="test.WOLiOSautomation" tests="1" failures="0" timestamp="20 Aug 2015 11:59:54 GMT" time="45.729" errors="0">
  <testcase name="test" time="45.729" classname="test.WOLiOSautomation"/>
</testsuite> <!-- test.WOLiOSautomation -->
